{"D:\\liang-ui\\battle-ui\\src\\components\\date-picker\\PickerView.tsx": {"path":"D:\\liang-ui\\battle-ui\\src\\components\\date-picker\\PickerView.tsx","statementMap":{"0":{"start":{"line":1,"column":0},"end":{"line":1,"column":68}},"1":{"start":{"line":3,"column":0},"end":{"line":3,"column":null}},"2":{"start":{"line":11,"column":0},"end":{"line":11,"column":28}},"3":{"start":{"line":13,"column":30},"end":{"line":13,"column":43}},"4":{"start":{"line":21,"column":40},"end":{"line":78,"column":1}},"5":{"start":{"line":21,"column":58},"end":{"line":21,"column":60}},"6":{"start":{"line":21,"column":69},"end":{"line":21,"column":71}},"7":{"start":{"line":21,"column":80},"end":{"line":21,"column":82}},"8":{"start":{"line":21,"column":87},"end":{"line":21,"column":89}},"9":{"start":{"line":22,"column":7},"end":{"line":22,"column":56}},"10":{"start":{"line":22,"column":16},"end":{"line":22,"column":18}},"11":{"start":{"line":22,"column":29},"end":{"line":22,"column":33}},"12":{"start":{"line":23,"column":1},"end":{"line":31,"column":13}},"13":{"start":{"line":24,"column":2},"end":{"line":29,"column":null}},"14":{"start":{"line":25,"column":26},"end":{"line":27,"column":37}},"15":{"start":{"line":28,"column":3},"end":{"line":28,"column":21}},"16":{"start":{"line":32,"column":17},"end":{"line":32,"column":63}},"17":{"start":{"line":33,"column":18},"end":{"line":39,"column":7}},"18":{"start":{"line":34,"column":2},"end":{"line":38,"column":5}},"19":{"start":{"line":35,"column":13},"end":{"line":35,"column":25}},"20":{"start":{"line":36,"column":3},"end":{"line":36,"column":27}},"21":{"start":{"line":37,"column":3},"end":{"line":37,"column":15}},"22":{"start":{"line":40,"column":18},"end":{"line":44,"column":7}},"23":{"start":{"line":41,"column":2},"end":{"line":41,"column":21}},"24":{"start":{"line":42,"column":2},"end":{"line":42,"column":52}},"25":{"start":{"line":42,"column":31},"end":{"line":42,"column":48}},"26":{"start":{"line":45,"column":18},"end":{"line":52,"column":15}},"27":{"start":{"line":46,"column":2},"end":{"line":46,"column":21}},"28":{"start":{"line":47,"column":16},"end":{"line":49,"column":39}},"29":{"start":{"line":50,"column":2},"end":{"line":50,"column":59}},"30":{"start":{"line":50,"column":38},"end":{"line":50,"column":55}},"31":{"start":{"line":53,"column":1},"end":{"line":77,"column":3}},"32":{"start":{"line":63,"column":6},"end":{"line":67,"column":8}},"33":{"start":{"line":80,"column":0},"end":{"line":80,"column":26}}},"fnMap":{"0":{"name":"(anonymous_9)","decl":{"start":{"line":21,"column":40},"end":{"line":21,"column":49}},"loc":{"start":{"line":21,"column":89},"end":{"line":78,"column":1}}},"1":{"name":"(anonymous_10)","decl":{"start":{"line":23,"column":11},"end":{"line":23,"column":null}},"loc":{"start":{"line":23,"column":11},"end":{"line":31,"column":2}}},"2":{"name":"(anonymous_11)","decl":{"start":{"line":33,"column":30},"end":{"line":33,"column":31}},"loc":{"start":{"line":33,"column":63},"end":{"line":39,"column":2}}},"3":{"name":"(anonymous_12)","decl":{"start":{"line":34,"column":14},"end":{"line":34,"column":15}},"loc":{"start":{"line":34,"column":19},"end":{"line":38,"column":3}}},"4":{"name":"(anonymous_13)","decl":{"start":{"line":40,"column":30},"end":{"line":40,"column":31}},"loc":{"start":{"line":40,"column":75},"end":{"line":44,"column":2}}},"5":{"name":"(anonymous_14)","decl":{"start":{"line":42,"column":20},"end":{"line":42,"column":21}},"loc":{"start":{"line":42,"column":24},"end":{"line":42,"column":50}}},"6":{"name":"(anonymous_15)","decl":{"start":{"line":45,"column":30},"end":{"line":45,"column":31}},"loc":{"start":{"line":45,"column":75},"end":{"line":52,"column":2}}},"7":{"name":"(anonymous_16)","decl":{"start":{"line":50,"column":27},"end":{"line":50,"column":28}},"loc":{"start":{"line":50,"column":31},"end":{"line":50,"column":57}}},"8":{"name":"(anonymous_17)","decl":{"start":{"line":62,"column":18},"end":{"line":62,"column":19}},"loc":{"start":{"line":62,"column":23},"end":{"line":68,"column":6}}}},"branchMap":{"0":{"loc":{"start":{"line":24,"column":2},"end":{"line":29,"column":null}},"type":"if","locations":[{"start":{"line":24,"column":2},"end":{"line":29,"column":null}}]},"1":{"loc":{"start":{"line":25,"column":26},"end":{"line":27,"column":37}},"type":"cond-expr","locations":[{"start":{"line":26,"column":6},"end":{"line":26,"column":37}},{"start":{"line":27,"column":6},"end":{"line":27,"column":37}}]},"2":{"loc":{"start":{"line":42,"column":2},"end":{"line":42,"column":51}},"type":"cond-expr","locations":[{"start":{"line":42,"column":9},"end":{"line":42,"column":14}},{"start":{"line":42,"column":2},"end":{"line":42,"column":51}}]},"3":{"loc":{"start":{"line":42,"column":2},"end":{"line":42,"column":14}},"type":"binary-expr","locations":[{"start":{"line":42,"column":2},"end":{"line":42,"column":14}},{"start":{"line":42,"column":2},"end":{"line":42,"column":14}}]},"4":{"loc":{"start":{"line":47,"column":16},"end":{"line":49,"column":39}},"type":"cond-expr","locations":[{"start":{"line":48,"column":5},"end":{"line":48,"column":39}},{"start":{"line":49,"column":5},"end":{"line":49,"column":39}}]},"5":{"loc":{"start":{"line":50,"column":2},"end":{"line":50,"column":58}},"type":"cond-expr","locations":[{"start":{"line":50,"column":11},"end":{"line":50,"column":14}},{"start":{"line":50,"column":2},"end":{"line":50,"column":58}}]},"6":{"loc":{"start":{"line":50,"column":2},"end":{"line":50,"column":14}},"type":"binary-expr","locations":[{"start":{"line":50,"column":2},"end":{"line":50,"column":14}},{"start":{"line":50,"column":2},"end":{"line":50,"column":14}}]},"7":{"loc":{"start":{"line":62,"column":5},"end":{"line":68,"column":7}},"type":"cond-expr","locations":[{"start":{"line":62,"column":12},"end":{"line":62,"column":14}},{"start":{"line":62,"column":5},"end":{"line":68,"column":7}}]},"8":{"loc":{"start":{"line":62,"column":5},"end":{"line":62,"column":14}},"type":"binary-expr","locations":[{"start":{"line":62,"column":5},"end":{"line":62,"column":14}},{"start":{"line":62,"column":5},"end":{"line":62,"column":14}}]}},"s":{"0":1,"1":1,"2":1,"3":1,"4":1,"5":8,"6":8,"7":8,"8":8,"9":8,"10":8,"11":8,"12":8,"13":4,"14":4,"15":4,"16":8,"17":8,"18":14,"19":14,"20":14,"21":14,"22":8,"23":0,"24":0,"25":0,"26":8,"27":4,"28":4,"29":4,"30":0,"31":8,"32":28,"33":1},"f":{"0":8,"1":4,"2":14,"3":14,"4":0,"5":0,"6":4,"7":0,"8":28},"b":{"0":[4],"1":[1,3],"2":[0,0],"3":[0,0],"4":[1,3],"5":[0,4],"6":[4,4],"7":[0,8],"8":[8,8]}}
,"D:\\liang-ui\\battle-ui\\src\\components\\date-picker\\Wheel.tsx": {"path":"D:\\liang-ui\\battle-ui\\src\\components\\date-picker\\Wheel.tsx","statementMap":{"0":{"start":{"line":1,"column":0},"end":{"line":1,"column":53}},"1":{"start":{"line":2,"column":0},"end":{"line":2,"column":56}},"2":{"start":{"line":3,"column":0},"end":{"line":3,"column":75}},"3":{"start":{"line":5,"column":0},"end":{"line":5,"column":90}},"4":{"start":{"line":6,"column":0},"end":{"line":6,"column":73}},"5":{"start":{"line":8,"column":30},"end":{"line":8,"column":43}},"6":{"start":{"line":17,"column":30},"end":{"line":90,"column":1}},"7":{"start":{"line":17,"column":39},"end":{"line":17,"column":41}},"8":{"start":{"line":17,"column":52},"end":{"line":17,"column":54}},"9":{"start":{"line":17,"column":62},"end":{"line":17,"column":64}},"10":{"start":{"line":17,"column":69},"end":{"line":17,"column":71}},"11":{"start":{"line":17,"column":75},"end":{"line":17,"column":77}},"12":{"start":{"line":19,"column":17},"end":{"line":19,"column":45}},"13":{"start":{"line":20,"column":20},"end":{"line":20,"column":38}},"14":{"start":{"line":21,"column":21},"end":{"line":21,"column":34}},"15":{"start":{"line":22,"column":1},"end":{"line":25,"column":8}},"16":{"start":{"line":23,"column":19},"end":{"line":23,"column":89}},"17":{"start":{"line":24,"column":2},"end":{"line":24,"column":39}},"18":{"start":{"line":26,"column":1},"end":{"line":31,"column":21}},"19":{"start":{"line":27,"column":2},"end":{"line":29,"column":null}},"20":{"start":{"line":27,"column":27},"end":{"line":27,"column":48}},"21":{"start":{"line":28,"column":3},"end":{"line":28,"column":42}},"22":{"start":{"line":32,"column":1},"end":{"line":41,"column":21}},"23":{"start":{"line":33,"column":2},"end":{"line":33,"column":34}},"24":{"start":{"line":33,"column":27},"end":{"line":33,"column":34}},"25":{"start":{"line":34,"column":22},"end":{"line":34,"column":68}},"26":{"start":{"line":34,"column":47},"end":{"line":34,"column":68}},"27":{"start":{"line":35,"column":2},"end":{"line":35,"column":30}},"28":{"start":{"line":35,"column":23},"end":{"line":35,"column":30}},"29":{"start":{"line":36,"column":24},"end":{"line":36,"column":57}},"30":{"start":{"line":37,"column":2},"end":{"line":39,"column":5}},"31":{"start":{"line":42,"column":7},"end":{"line":48,"column":5}},"32":{"start":{"line":42,"column":38},"end":{"line":48,"column":4}},"33":{"start":{"line":42,"column":11},"end":{"line":42,"column":15}},"34":{"start":{"line":42,"column":18},"end":{"line":42,"column":22}},"35":{"start":{"line":49,"column":22},"end":{"line":56,"column":2}},"36":{"start":{"line":50,"column":24},"end":{"line":50,"column":51}},"37":{"start":{"line":51,"column":2},"end":{"line":53,"column":5}},"38":{"start":{"line":54,"column":14},"end":{"line":54,"column":27}},"39":{"start":{"line":55,"column":2},"end":{"line":55,"column":35}},"40":{"start":{"line":57,"column":20},"end":{"line":77,"column":2}},"41":{"start":{"line":63,"column":14},"end":{"line":63,"column":57}},"42":{"start":{"line":64,"column":14},"end":{"line":64,"column":15}},"43":{"start":{"line":65,"column":2},"end":{"line":65,"column":29}},"44":{"start":{"line":66,"column":2},"end":{"line":76,"column":null}},"45":{"start":{"line":67,"column":3},"end":{"line":67,"column":31}},"46":{"start":{"line":68,"column":20},"end":{"line":68,"column":81}},"47":{"start":{"line":69,"column":23},"end":{"line":69,"column":82}},"48":{"start":{"line":70,"column":3},"end":{"line":70,"column":29}},"49":{"start":{"line":72,"column":20},"end":{"line":72,"column":35}},"50":{"start":{"line":73,"column":3},"end":{"line":75,"column":6}},"51":{"start":{"line":78,"column":1},"end":{"line":84,"column":4}},"52":{"start":{"line":81,"column":14},"end":{"line":81,"column":null}},"53":{"start":{"line":85,"column":1},"end":{"line":89,"column":3}},"54":{"start":{"line":87,"column":20},"end":{"line":87,"column":137}},"55":{"start":{"line":92,"column":0},"end":{"line":92,"column":21}}},"fnMap":{"0":{"name":"(anonymous_7)","decl":{"start":{"line":17,"column":30},"end":{"line":17,"column":31}},"loc":{"start":{"line":17,"column":77},"end":{"line":90,"column":1}}},"1":{"name":"(anonymous_8)","decl":{"start":{"line":22,"column":11},"end":{"line":22,"column":null}},"loc":{"start":{"line":22,"column":11},"end":{"line":25,"column":2}}},"2":{"name":"(anonymous_9)","decl":{"start":{"line":26,"column":11},"end":{"line":26,"column":null}},"loc":{"start":{"line":26,"column":11},"end":{"line":31,"column":2}}},"3":{"name":"(anonymous_10)","decl":{"start":{"line":27,"column":19},"end":{"line":27,"column":23}},"loc":{"start":{"line":27,"column":23},"end":{"line":27,"column":31}}},"4":{"name":"(anonymous_11)","decl":{"start":{"line":32,"column":11},"end":{"line":32,"column":null}},"loc":{"start":{"line":32,"column":11},"end":{"line":41,"column":2}}},"5":{"name":"(anonymous_12)","decl":{"start":{"line":34,"column":39},"end":{"line":34,"column":43}},"loc":{"start":{"line":34,"column":43},"end":{"line":34,"column":51}}},"6":{"name":"(anonymous_13)","decl":{"start":{"line":42,"column":32},"end":{"line":42,"column":38}},"loc":{"start":{"line":42,"column":32},"end":{"line":42,"column":39}}},"7":{"name":"(anonymous_14)","decl":{"start":{"line":49,"column":22},"end":{"line":49,"column":23}},"loc":{"start":{"line":49,"column":36},"end":{"line":56,"column":2}}},"8":{"name":"(anonymous_15)","decl":{"start":{"line":57,"column":20},"end":{"line":57,"column":null}},"loc":{"start":{"line":61,"column":4},"end":{"line":77,"column":2}}},"9":{"name":"(anonymous_16)","decl":{"start":{"line":81,"column":8},"end":{"line":81,"column":14}},"loc":{"start":{"line":81,"column":8},"end":{"line":81,"column":15}}},"10":{"name":"(anonymous_17)","decl":{"start":{"line":87,"column":15},"end":{"line":87,"column":16}},"loc":{"start":{"line":87,"column":16},"end":{"line":87,"column":25}}}},"branchMap":{"0":{"loc":{"start":{"line":27,"column":2},"end":{"line":29,"column":null}},"type":"if","locations":[{"start":{"line":27,"column":2},"end":{"line":29,"column":null}}]},"1":{"loc":{"start":{"line":33,"column":2},"end":{"line":33,"column":34}},"type":"if","locations":[{"start":{"line":33,"column":2},"end":{"line":33,"column":34}}]},"2":{"loc":{"start":{"line":35,"column":2},"end":{"line":35,"column":30}},"type":"if","locations":[{"start":{"line":35,"column":2},"end":{"line":35,"column":30}}]},"3":{"loc":{"start":{"line":66,"column":2},"end":{"line":76,"column":null}},"type":"if","locations":[{"start":{"line":66,"column":2},"end":{"line":76,"column":null}},{"start":{"line":71,"column":9},"end":{"line":76,"column":null}}]}},"s":{"0":1,"1":1,"2":1,"3":1,"4":1,"5":1,"6":1,"7":28,"8":28,"9":28,"10":28,"11":28,"12":28,"13":28,"14":28,"15":28,"16":14,"17":14,"18":28,"19":28,"20":526,"21":14,"22":28,"23":28,"24":0,"25":28,"26":526,"27":28,"28":14,"29":14,"30":14,"31":28,"32":14,"33":28,"34":28,"35":28,"36":0,"37":0,"38":0,"39":0,"40":28,"41":0,"42":0,"43":0,"44":0,"45":0,"46":0,"47":0,"48":0,"49":0,"50":0,"51":28,"52":0,"53":28,"54":712,"55":1},"f":{"0":28,"1":14,"2":28,"3":526,"4":28,"5":526,"6":14,"7":0,"8":0,"9":0,"10":712},"b":{"0":[14],"1":[0],"2":[14],"3":[0,0]}}
,"D:\\liang-ui\\battle-ui\\src\\components\\date-picker\\index.tsx": {"path":"D:\\liang-ui\\battle-ui\\src\\components\\date-picker\\index.tsx","statementMap":{"0":{"start":{"line":1,"column":0},"end":{"line":1,"column":77}},"1":{"start":{"line":2,"column":0},"end":{"line":2,"column":43}},"2":{"start":{"line":3,"column":0},"end":{"line":3,"column":36}},"3":{"start":{"line":5,"column":0},"end":{"line":5,"column":22}},"4":{"start":{"line":7,"column":0},"end":{"line":7,"column":38}},"5":{"start":{"line":18,"column":30},"end":{"line":18,"column":53}},"6":{"start":{"line":20,"column":40},"end":{"line":48,"column":3}},"7":{"start":{"line":22,"column":9},"end":{"line":22,"column":null}},"8":{"start":{"line":23,"column":11},"end":{"line":23,"column":null}},"9":{"start":{"line":24,"column":9},"end":{"line":24,"column":null}},"10":{"start":{"line":25,"column":11},"end":{"line":25,"column":null}},"11":{"start":{"line":26,"column":7},"end":{"line":26,"column":null}},"12":{"start":{"line":29,"column":18},"end":{"line":29,"column":59}},"13":{"start":{"line":30,"column":2},"end":{"line":47,"column":4}},"14":{"start":{"line":49,"column":0},"end":{"line":49,"column":38}},"15":{"start":{"line":57,"column":0},"end":{"line":57,"column":9}},"16":{"start":{"line":58,"column":7},"end":{"line":58,"column":47}},"17":{"start":{"line":58,"column":15},"end":{"line":58,"column":17}},"18":{"start":{"line":58,"column":27},"end":{"line":58,"column":31}},"19":{"start":{"line":59,"column":16},"end":{"line":59,"column":44}},"20":{"start":{"line":60,"column":16},"end":{"line":64,"column":14}},"21":{"start":{"line":61,"column":2},"end":{"line":61,"column":21}},"22":{"start":{"line":62,"column":2},"end":{"line":62,"column":19}},"23":{"start":{"line":65,"column":16},"end":{"line":72,"column":14}},"24":{"start":{"line":65,"column":28},"end":{"line":72,"column":4}},"25":{"start":{"line":66,"column":2},"end":{"line":66,"column":52}},"26":{"start":{"line":67,"column":2},"end":{"line":69,"column":5}},"27":{"start":{"line":68,"column":3},"end":{"line":68,"column":28}},"28":{"start":{"line":70,"column":2},"end":{"line":70,"column":20}},"29":{"start":{"line":73,"column":35},"end":{"line":87,"column":22}},"30":{"start":{"line":73,"column":48},"end":{"line":73,"column":null}},"31":{"start":{"line":73,"column":50},"end":{"line":73,"column":59}},"32":{"start":{"line":73,"column":59},"end":{"line":73,"column":69}},"33":{"start":{"line":73,"column":78},"end":{"line":73,"column":80}},"34":{"start":{"line":73,"column":80},"end":{"line":73,"column":85}},"35":{"start":{"line":73,"column":85},"end":{"line":73,"column":103}},"36":{"start":{"line":74,"column":16},"end":{"line":77,"column":4}},"37":{"start":{"line":74,"column":33},"end":{"line":77,"column":4}},"38":{"start":{"line":75,"column":3},"end":{"line":75,"column":18}},"39":{"start":{"line":76,"column":3},"end":{"line":76,"column":22}},"40":{"start":{"line":78,"column":2},"end":{"line":85,"column":5}},"41":{"start":{"line":88,"column":1},"end":{"line":88,"column":43}},"42":{"start":{"line":91,"column":0},"end":{"line":91,"column":29}}},"fnMap":{"0":{"name":"(anonymous_21)","decl":{"start":{"line":21,"column":1},"end":{"line":21,"column":10}},"loc":{"start":{"line":27,"column":7},"end":{"line":48,"column":2}}},"1":{"name":"useDatePicker","decl":{"start":{"line":57,"column":9},"end":{"line":57,"column":22}},"loc":{"start":{"line":57,"column":22},"end":{"line":89,"column":1}}},"2":{"name":"(anonymous_23)","decl":{"start":{"line":60,"column":28},"end":{"line":60,"column":null}},"loc":{"start":{"line":60,"column":28},"end":{"line":64,"column":2}}},"3":{"name":"(anonymous_24)","decl":{"start":{"line":65,"column":28},"end":{"line":65,"column":null}},"loc":{"start":{"line":65,"column":28},"end":{"line":72,"column":4}}},"4":{"name":"(anonymous_27)","decl":{"start":{"line":67,"column":20},"end":{"line":67,"column":21}},"loc":{"start":{"line":67,"column":28},"end":{"line":69,"column":3}}},"5":{"name":"(anonymous_28)","decl":{"start":{"line":73,"column":47},"end":{"line":73,"column":48}},"loc":{"start":{"line":73,"column":105},"end":{"line":87,"column":2}}},"6":{"name":"(anonymous_29)","decl":{"start":{"line":74,"column":16},"end":{"line":74,"column":22}},"loc":{"start":{"line":74,"column":33},"end":{"line":77,"column":4}}},"7":{"name":"(anonymous_30)","decl":{"start":{"line":74,"column":33},"end":{"line":74,"column":null}},"loc":{"start":{"line":74,"column":33},"end":{"line":77,"column":4}}}},"branchMap":{"0":{"loc":{"start":{"line":33,"column":5},"end":{"line":43,"column":null}},"type":"binary-expr","locations":[{"start":{"line":33,"column":5},"end":{"line":33,"column":12}},{"start":{"line":34,"column":8},"end":{"line":43,"column":null}}]},"1":{"loc":{"start":{"line":66,"column":2},"end":{"line":66,"column":51}},"type":"cond-expr","locations":[{"start":{"line":66,"column":16},"end":{"line":66,"column":18}},{"start":{"line":66,"column":16},"end":{"line":66,"column":51}}]},"2":{"loc":{"start":{"line":66,"column":2},"end":{"line":66,"column":18}},"type":"binary-expr","locations":[{"start":{"line":66,"column":2},"end":{"line":66,"column":18}},{"start":{"line":66,"column":16},"end":{"line":66,"column":18}}]},"3":{"loc":{"start":{"line":73,"column":48},"end":{"line":73,"column":null}},"type":"cond-expr","locations":[{"start":{"line":73,"column":103},"end":{"line":73,"column":105}},{"start":{"line":73,"column":105},"end":{"line":73,"column":null}}]},"4":{"loc":{"start":{"line":73,"column":59},"end":{"line":73,"column":69}},"type":"cond-expr","locations":[{"start":{"line":73,"column":62},"end":{"line":73,"column":67}},{"start":{"line":73,"column":67},"end":{"line":73,"column":69}}]},"5":{"loc":{"start":{"line":73,"column":85},"end":{"line":73,"column":103}},"type":"cond-expr","locations":[{"start":{"line":73,"column":88},"end":{"line":73,"column":98}},{"start":{"line":73,"column":98},"end":{"line":73,"column":103}}]},"6":{"loc":{"start":{"line":75,"column":3},"end":{"line":75,"column":18}},"type":"switch","locations":[{"start":{"line":75,"column":3},"end":{"line":75,"column":18}}]},"7":{"loc":{"start":{"line":76,"column":3},"end":{"line":76,"column":21}},"type":"cond-expr","locations":[{"start":{"line":76,"column":12},"end":{"line":76,"column":15}},{"start":{"line":76,"column":3},"end":{"line":76,"column":21}}]},"8":{"loc":{"start":{"line":76,"column":3},"end":{"line":76,"column":15}},"type":"binary-expr","locations":[{"start":{"line":76,"column":3},"end":{"line":76,"column":15}},{"start":{"line":76,"column":3},"end":{"line":76,"column":15}}]}},"s":{"0":1,"1":1,"2":1,"3":1,"4":1,"5":1,"6":1,"7":12,"8":12,"9":12,"10":12,"11":12,"12":12,"13":12,"14":1,"15":12,"16":12,"17":12,"18":12,"19":12,"20":12,"21":4,"22":4,"23":12,"24":4,"25":4,"26":8,"27":4,"28":4,"29":12,"30":12,"31":12,"32":12,"33":12,"34":12,"35":12,"36":12,"37":4,"38":8,"39":4,"40":12,"41":12,"42":1},"f":{"0":12,"1":12,"2":4,"3":8,"4":4,"5":12,"6":4,"7":4},"b":{"0":[12,4],"1":[0,4],"2":[4,4],"3":[0,12],"4":[6,6],"5":[6,6],"6":[4],"7":[0,4],"8":[4,4]}}
,"D:\\liang-ui\\battle-ui\\src\\tests\\mocks\\style-mock.js": {"path":"D:\\liang-ui\\battle-ui\\src\\tests\\mocks\\style-mock.js","statementMap":{"0":{"start":{"line":1,"column":0},"end":{"line":1,"column":19}}},"fnMap":{},"branchMap":{},"s":{"0":1},"f":{},"b":{},"inputSourceMap":null,"_coverageSchema":"1a1c01bbd47fc00a2c39e90264f33305004495a9","hash":"2b3ae63b5d5c99da1a5e9e0791bbc14a50bf539e"}
,"D:\\liang-ui\\battle-ui\\src\\utils\\date-picker-utils.ts": {"path":"D:\\liang-ui\\battle-ui\\src\\utils\\date-picker-utils.ts","statementMap":{"0":{"start":{"line":1,"column":0},"end":{"line":1,"column":26}},"1":{"start":{"line":2,"column":0},"end":{"line":2,"column":43}},"2":{"start":{"line":3,"column":0},"end":{"line":3,"column":49}},"3":{"start":{"line":4,"column":0},"end":{"line":4,"column":57}},"4":{"start":{"line":6,"column":0},"end":{"line":6,"column":22}},"5":{"start":{"line":7,"column":0},"end":{"line":7,"column":25}},"6":{"start":{"line":8,"column":0},"end":{"line":8,"column":29}},"7":{"start":{"line":32,"column":65},"end":{"line":39,"column":2}},"8":{"start":{"line":41,"column":65},"end":{"line":45,"column":2}},"9":{"start":{"line":49,"column":2},"end":{"line":56,"column":null}},"10":{"start":{"line":53,"column":4},"end":{"line":53,"column":45}},"11":{"start":{"line":55,"column":4},"end":{"line":55,"column":27}},"12":{"start":{"line":47,"column":0},"end":{"line":47,"column":16}},"13":{"start":{"line":59,"column":28},"end":{"line":85,"column":1}},"14":{"start":{"line":60,"column":14},"end":{"line":60,"column":48}},"15":{"start":{"line":61,"column":21},"end":{"line":61,"column":35}},"16":{"start":{"line":62,"column":14},"end":{"line":62,"column":50}},"17":{"start":{"line":63,"column":26},"end":{"line":63,"column":65}},"18":{"start":{"line":64,"column":13},"end":{"line":64,"column":15}},"19":{"start":{"line":66,"column":31},"end":{"line":66,"column":33}},"20":{"start":{"line":67,"column":2},"end":{"line":71,"column":null}},"21":{"start":{"line":67,"column":15},"end":{"line":67,"column":18}},"22":{"start":{"line":68,"column":3},"end":{"line":70,"column":6}},"23":{"start":{"line":72,"column":2},"end":{"line":75,"column":4}},"24":{"start":{"line":77,"column":1},"end":{"line":77,"column":71}},"25":{"start":{"line":78,"column":1},"end":{"line":80,"column":null}},"26":{"start":{"line":79,"column":2},"end":{"line":79,"column":57}},"27":{"start":{"line":81,"column":1},"end":{"line":83,"column":null}},"28":{"start":{"line":82,"column":2},"end":{"line":82,"column":46}},"29":{"start":{"line":84,"column":1},"end":{"line":84,"column":12}},"30":{"start":{"line":87,"column":28},"end":{"line":124,"column":1}},"31":{"start":{"line":88,"column":14},"end":{"line":88,"column":48}},"32":{"start":{"line":89,"column":21},"end":{"line":89,"column":35}},"33":{"start":{"line":90,"column":15},"end":{"line":90,"column":31}},"34":{"start":{"line":91,"column":14},"end":{"line":91,"column":50}},"35":{"start":{"line":92,"column":13},"end":{"line":92,"column":15}},"36":{"start":{"line":93,"column":16},"end":{"line":93,"column":57}},"37":{"start":{"line":95,"column":31},"end":{"line":95,"column":33}},"38":{"start":{"line":96,"column":2},"end":{"line":100,"column":null}},"39":{"start":{"line":96,"column":15},"end":{"line":96,"column":18}},"40":{"start":{"line":97,"column":3},"end":{"line":99,"column":6}},"41":{"start":{"line":101,"column":2},"end":{"line":104,"column":4}},"42":{"start":{"line":106,"column":1},"end":{"line":106,"column":71}},"43":{"start":{"line":107,"column":1},"end":{"line":109,"column":null}},"44":{"start":{"line":108,"column":2},"end":{"line":108,"column":44}},"45":{"start":{"line":110,"column":1},"end":{"line":112,"column":null}},"46":{"start":{"line":111,"column":2},"end":{"line":111,"column":46}},"47":{"start":{"line":113,"column":1},"end":{"line":115,"column":null}},"48":{"start":{"line":114,"column":2},"end":{"line":114,"column":43}},"49":{"start":{"line":116,"column":1},"end":{"line":118,"column":null}},"50":{"start":{"line":117,"column":2},"end":{"line":117,"column":45}},"51":{"start":{"line":119,"column":1},"end":{"line":121,"column":null}},"52":{"start":{"line":120,"column":2},"end":{"line":120,"column":45}},"53":{"start":{"line":123,"column":1},"end":{"line":123,"column":12}},"54":{"start":{"line":127,"column":1},"end":{"line":131,"column":null}},"55":{"start":{"line":128,"column":2},"end":{"line":128,"column":67}},"56":{"start":{"line":130,"column":2},"end":{"line":130,"column":67}},"57":{"start":{"line":126,"column":0},"end":{"line":126,"column":16}},"58":{"start":{"line":135,"column":14},"end":{"line":135,"column":45}},"59":{"start":{"line":136,"column":15},"end":{"line":136,"column":28}},"60":{"start":{"line":137,"column":14},"end":{"line":137,"column":27}},"61":{"start":{"line":138,"column":14},"end":{"line":138,"column":27}},"62":{"start":{"line":139,"column":16},"end":{"line":139,"column":29}},"63":{"start":{"line":140,"column":16},"end":{"line":140,"column":29}},"64":{"start":{"line":141,"column":1},"end":{"line":148,"column":null}},"65":{"start":{"line":134,"column":0},"end":{"line":134,"column":16}},"66":{"start":{"line":152,"column":1},"end":{"line":152,"column":null}},"67":{"start":{"line":152,"column":12},"end":{"line":152,"column":null}},"68":{"start":{"line":153,"column":2},"end":{"line":160,"column":null}},"69":{"start":{"line":151,"column":0},"end":{"line":151,"column":16}},"70":{"start":{"line":164,"column":14},"end":{"line":164,"column":45}},"71":{"start":{"line":165,"column":16},"end":{"line":165,"column":29}},"72":{"start":{"line":166,"column":18},"end":{"line":166,"column":31}},"73":{"start":{"line":167,"column":15},"end":{"line":173,"column":12}},"74":{"start":{"line":174,"column":3},"end":{"line":174,"column":null}},"75":{"start":{"line":163,"column":0},"end":{"line":163,"column":16}},"76":{"start":{"line":178,"column":1},"end":{"line":178,"column":null}},"77":{"start":{"line":178,"column":12},"end":{"line":178,"column":null}},"78":{"start":{"line":179,"column":13},"end":{"line":179,"column":24}},"79":{"start":{"line":180,"column":1},"end":{"line":184,"column":null}},"80":{"start":{"line":177,"column":0},"end":{"line":177,"column":16}}},"fnMap":{"0":{"name":"defaultRenderLabel","decl":{"start":{"line":47,"column":16},"end":{"line":47,"column":34}},"loc":{"start":{"line":47,"column":64},"end":{"line":57,"column":1}}},"1":{"name":"(anonymous_2)","decl":{"start":{"line":59,"column":28},"end":{"line":59,"column":29}},"loc":{"start":{"line":59,"column":73},"end":{"line":85,"column":1}}},"2":{"name":"generateColumns","decl":{"start":{"line":65,"column":10},"end":{"line":65,"column":25}},"loc":{"start":{"line":65,"column":71},"end":{"line":76,"column":2}}},"3":{"name":"(anonymous_4)","decl":{"start":{"line":87,"column":28},"end":{"line":87,"column":29}},"loc":{"start":{"line":87,"column":73},"end":{"line":124,"column":1}}},"4":{"name":"generateColumns","decl":{"start":{"line":94,"column":10},"end":{"line":94,"column":25}},"loc":{"start":{"line":94,"column":71},"end":{"line":105,"column":2}}},"5":{"name":"generateDatePickerColumns","decl":{"start":{"line":126,"column":16},"end":{"line":126,"column":41}},"loc":{"start":{"line":126,"column":82},"end":{"line":132,"column":1}}},"6":{"name":"convertNumberArrayToDate","decl":{"start":{"line":134,"column":16},"end":{"line":134,"column":40}},"loc":{"start":{"line":134,"column":56},"end":{"line":149,"column":1}}},"7":{"name":"convertDateToNumberArray","decl":{"start":{"line":151,"column":16},"end":{"line":151,"column":40}},"loc":{"start":{"line":151,"column":51},"end":{"line":161,"column":1}}},"8":{"name":"convertNumberArrayToWeek","decl":{"start":{"line":163,"column":16},"end":{"line":163,"column":40}},"loc":{"start":{"line":163,"column":56},"end":{"line":175,"column":1}}},"9":{"name":"convertWeekToNumberArray","decl":{"start":{"line":177,"column":16},"end":{"line":177,"column":40}},"loc":{"start":{"line":177,"column":51},"end":{"line":185,"column":1}}}},"branchMap":{"0":{"loc":{"start":{"line":49,"column":2},"end":{"line":56,"column":null}},"type":"switch","locations":[{"start":{"line":50,"column":3},"end":{"line":50,"column":15}},{"start":{"line":51,"column":3},"end":{"line":51,"column":17}},{"start":{"line":52,"column":3},"end":{"line":53,"column":45}},{"start":{"line":54,"column":3},"end":{"line":55,"column":27}}]},"1":{"loc":{"start":{"line":60,"column":14},"end":{"line":60,"column":48}},"type":"cond-expr","locations":[{"start":{"line":60,"column":25},"end":{"line":60,"column":29}},{"start":{"line":60,"column":29},"end":{"line":60,"column":48}}]},"2":{"loc":{"start":{"line":60,"column":14},"end":{"line":60,"column":29}},"type":"binary-expr","locations":[{"start":{"line":60,"column":14},"end":{"line":60,"column":29}},{"start":{"line":60,"column":25},"end":{"line":60,"column":29}}]},"3":{"loc":{"start":{"line":78,"column":1},"end":{"line":80,"column":null}},"type":"if","locations":[{"start":{"line":78,"column":1},"end":{"line":80,"column":null}}]},"4":{"loc":{"start":{"line":81,"column":1},"end":{"line":83,"column":null}},"type":"if","locations":[{"start":{"line":81,"column":1},"end":{"line":83,"column":null}}]},"5":{"loc":{"start":{"line":88,"column":14},"end":{"line":88,"column":48}},"type":"cond-expr","locations":[{"start":{"line":88,"column":25},"end":{"line":88,"column":29}},{"start":{"line":88,"column":29},"end":{"line":88,"column":48}}]},"6":{"loc":{"start":{"line":88,"column":14},"end":{"line":88,"column":29}},"type":"binary-expr","locations":[{"start":{"line":88,"column":14},"end":{"line":88,"column":29}},{"start":{"line":88,"column":25},"end":{"line":88,"column":29}}]},"7":{"loc":{"start":{"line":90,"column":15},"end":{"line":90,"column":31}},"type":"cond-expr","locations":[{"start":{"line":90,"column":26},"end":{"line":90,"column":30}},{"start":{"line":90,"column":30},"end":{"line":90,"column":31}}]},"8":{"loc":{"start":{"line":90,"column":15},"end":{"line":90,"column":30}},"type":"binary-expr","locations":[{"start":{"line":90,"column":15},"end":{"line":90,"column":30}},{"start":{"line":90,"column":26},"end":{"line":90,"column":30}}]},"9":{"loc":{"start":{"line":107,"column":1},"end":{"line":109,"column":null}},"type":"if","locations":[{"start":{"line":107,"column":1},"end":{"line":109,"column":null}}]},"10":{"loc":{"start":{"line":110,"column":1},"end":{"line":112,"column":null}},"type":"if","locations":[{"start":{"line":110,"column":1},"end":{"line":112,"column":null}}]},"11":{"loc":{"start":{"line":113,"column":1},"end":{"line":115,"column":null}},"type":"if","locations":[{"start":{"line":113,"column":1},"end":{"line":115,"column":null}}]},"12":{"loc":{"start":{"line":116,"column":1},"end":{"line":118,"column":null}},"type":"if","locations":[{"start":{"line":116,"column":1},"end":{"line":118,"column":null}}]},"13":{"loc":{"start":{"line":119,"column":1},"end":{"line":121,"column":null}},"type":"if","locations":[{"start":{"line":119,"column":1},"end":{"line":121,"column":null}}]},"14":{"loc":{"start":{"line":127,"column":1},"end":{"line":131,"column":null}},"type":"if","locations":[{"start":{"line":127,"column":1},"end":{"line":131,"column":null}},{"start":{"line":129,"column":8},"end":{"line":131,"column":null}}]},"15":{"loc":{"start":{"line":135,"column":14},"end":{"line":135,"column":45}},"type":"cond-expr","locations":[{"start":{"line":135,"column":22},"end":{"line":135,"column":26}},{"start":{"line":135,"column":26},"end":{"line":135,"column":45}}]},"16":{"loc":{"start":{"line":135,"column":14},"end":{"line":135,"column":26}},"type":"binary-expr","locations":[{"start":{"line":135,"column":14},"end":{"line":135,"column":26}},{"start":{"line":135,"column":22},"end":{"line":135,"column":26}}]},"17":{"loc":{"start":{"line":136,"column":15},"end":{"line":136,"column":28}},"type":"cond-expr","locations":[{"start":{"line":136,"column":23},"end":{"line":136,"column":27}},{"start":{"line":136,"column":27},"end":{"line":136,"column":28}}]},"18":{"loc":{"start":{"line":136,"column":15},"end":{"line":136,"column":27}},"type":"binary-expr","locations":[{"start":{"line":136,"column":15},"end":{"line":136,"column":27}},{"start":{"line":136,"column":23},"end":{"line":136,"column":27}}]},"19":{"loc":{"start":{"line":137,"column":14},"end":{"line":137,"column":27}},"type":"cond-expr","locations":[{"start":{"line":137,"column":22},"end":{"line":137,"column":26}},{"start":{"line":137,"column":26},"end":{"line":137,"column":27}}]},"20":{"loc":{"start":{"line":137,"column":14},"end":{"line":137,"column":26}},"type":"binary-expr","locations":[{"start":{"line":137,"column":14},"end":{"line":137,"column":26}},{"start":{"line":137,"column":22},"end":{"line":137,"column":26}}]},"21":{"loc":{"start":{"line":138,"column":14},"end":{"line":138,"column":27}},"type":"cond-expr","locations":[{"start":{"line":138,"column":22},"end":{"line":138,"column":26}},{"start":{"line":138,"column":26},"end":{"line":138,"column":27}}]},"22":{"loc":{"start":{"line":138,"column":14},"end":{"line":138,"column":26}},"type":"binary-expr","locations":[{"start":{"line":138,"column":14},"end":{"line":138,"column":26}},{"start":{"line":138,"column":22},"end":{"line":138,"column":26}}]},"23":{"loc":{"start":{"line":139,"column":16},"end":{"line":139,"column":29}},"type":"cond-expr","locations":[{"start":{"line":139,"column":24},"end":{"line":139,"column":28}},{"start":{"line":139,"column":28},"end":{"line":139,"column":29}}]},"24":{"loc":{"start":{"line":139,"column":16},"end":{"line":139,"column":28}},"type":"binary-expr","locations":[{"start":{"line":139,"column":16},"end":{"line":139,"column":28}},{"start":{"line":139,"column":24},"end":{"line":139,"column":28}}]},"25":{"loc":{"start":{"line":140,"column":16},"end":{"line":140,"column":29}},"type":"cond-expr","locations":[{"start":{"line":140,"column":24},"end":{"line":140,"column":28}},{"start":{"line":140,"column":28},"end":{"line":140,"column":29}}]},"26":{"loc":{"start":{"line":140,"column":16},"end":{"line":140,"column":28}},"type":"binary-expr","locations":[{"start":{"line":140,"column":16},"end":{"line":140,"column":28}},{"start":{"line":140,"column":24},"end":{"line":140,"column":28}}]},"27":{"loc":{"start":{"line":152,"column":1},"end":{"line":152,"column":null}},"type":"if","locations":[{"start":{"line":152,"column":1},"end":{"line":152,"column":null}}]},"28":{"loc":{"start":{"line":164,"column":14},"end":{"line":164,"column":45}},"type":"cond-expr","locations":[{"start":{"line":164,"column":22},"end":{"line":164,"column":26}},{"start":{"line":164,"column":26},"end":{"line":164,"column":45}}]},"29":{"loc":{"start":{"line":164,"column":14},"end":{"line":164,"column":26}},"type":"binary-expr","locations":[{"start":{"line":164,"column":14},"end":{"line":164,"column":26}},{"start":{"line":164,"column":22},"end":{"line":164,"column":26}}]},"30":{"loc":{"start":{"line":165,"column":16},"end":{"line":165,"column":29}},"type":"cond-expr","locations":[{"start":{"line":165,"column":24},"end":{"line":165,"column":28}},{"start":{"line":165,"column":28},"end":{"line":165,"column":29}}]},"31":{"loc":{"start":{"line":165,"column":16},"end":{"line":165,"column":28}},"type":"binary-expr","locations":[{"start":{"line":165,"column":16},"end":{"line":165,"column":28}},{"start":{"line":165,"column":24},"end":{"line":165,"column":28}}]},"32":{"loc":{"start":{"line":166,"column":18},"end":{"line":166,"column":31}},"type":"cond-expr","locations":[{"start":{"line":166,"column":26},"end":{"line":166,"column":30}},{"start":{"line":166,"column":30},"end":{"line":166,"column":31}}]},"33":{"loc":{"start":{"line":166,"column":18},"end":{"line":166,"column":30}},"type":"binary-expr","locations":[{"start":{"line":166,"column":18},"end":{"line":166,"column":30}},{"start":{"line":166,"column":26},"end":{"line":166,"column":30}}]},"34":{"loc":{"start":{"line":178,"column":1},"end":{"line":178,"column":null}},"type":"if","locations":[{"start":{"line":178,"column":1},"end":{"line":178,"column":null}}]}},"s":{"0":1,"1":1,"2":1,"3":1,"4":1,"5":1,"6":1,"7":1,"8":1,"9":712,"10":168,"11":544,"12":1,"13":1,"14":2,"15":2,"16":2,"17":2,"18":2,"19":6,"20":6,"21":6,"22":160,"23":6,"24":2,"25":2,"26":2,"27":2,"28":2,"29":2,"30":1,"31":6,"32":6,"33":6,"34":6,"35":6,"36":6,"37":22,"38":22,"39":22,"40":552,"41":22,"42":6,"43":6,"44":6,"45":6,"46":6,"47":6,"48":2,"49":6,"50":2,"51":6,"52":0,"53":6,"54":8,"55":2,"56":6,"57":1,"58":3,"59":3,"60":3,"61":3,"62":3,"63":3,"64":3,"65":1,"66":3,"67":0,"68":3,"69":1,"70":1,"71":1,"72":1,"73":1,"74":1,"75":1,"76":1,"77":0,"78":1,"79":1,"80":1},"f":{"0":712,"1":2,"2":6,"3":6,"4":22,"5":8,"6":3,"7":3,"8":1,"9":1},"b":{"0":[48,168,168,544],"1":[1,1],"2":[2,2],"3":[2],"4":[2],"5":[3,3],"6":[6,6],"7":[3,3],"8":[6,6],"9":[6],"10":[6],"11":[2],"12":[2],"13":[0],"14":[2,6],"15":[3,0],"16":[3,3],"17":[3,0],"18":[3,3],"19":[3,0],"20":[3,3],"21":[3,0],"22":[3,3],"23":[3,0],"24":[3,3],"25":[3,0],"26":[3,3],"27":[0],"28":[1,0],"29":[1,1],"30":[1,0],"31":[1,1],"32":[1,0],"33":[1,1],"34":[0]}}
,"D:\\liang-ui\\battle-ui\\src\\utils\\wheel-utils.ts": {"path":"D:\\liang-ui\\battle-ui\\src\\utils\\wheel-utils.ts","statementMap":{"0":{"start":{"line":2,"column":1},"end":{"line":4,"column":null}},"1":{"start":{"line":3,"column":2},"end":{"line":3,"column":13}},"2":{"start":{"line":5,"column":1},"end":{"line":7,"column":null}},"3":{"start":{"line":6,"column":2},"end":{"line":6,"column":13}},"4":{"start":{"line":8,"column":1},"end":{"line":8,"column":17}},"5":{"start":{"line":34,"column":1},"end":{"line":34,"column":6}},"6":{"start":{"line":15,"column":1},"end":{"line":15,"column":78}},"7":{"start":{"line":24,"column":1},"end":{"line":24,"column":54}},"8":{"start":{"line":24,"column":21},"end":{"line":24,"column":54}},"9":{"start":{"line":25,"column":1},"end":{"line":27,"column":null}},"10":{"start":{"line":26,"column":2},"end":{"line":26,"column":63}},"11":{"start":{"line":28,"column":1},"end":{"line":30,"column":null}},"12":{"start":{"line":29,"column":2},"end":{"line":29,"column":64}},"13":{"start":{"line":31,"column":1},"end":{"line":31,"column":17}},"14":{"start":{"line":35,"column":1},"end":{"line":35,"column":24}}},"fnMap":{"0":{"name":"bound","decl":{"start":{"line":1,"column":9},"end":{"line":1,"column":14}},"loc":{"start":{"line":1,"column":57},"end":{"line":9,"column":1}}},"1":{"name":"rubberband","decl":{"start":{"line":10,"column":9},"end":{"line":10,"column":19}},"loc":{"start":{"line":13,"column":17},"end":{"line":16,"column":1}}},"2":{"name":"rubberbandIfOutOfBounds","decl":{"start":{"line":17,"column":9},"end":{"line":17,"column":32}},"loc":{"start":{"line":22,"column":17},"end":{"line":32,"column":1}}}},"branchMap":{"0":{"loc":{"start":{"line":2,"column":1},"end":{"line":4,"column":null}},"type":"if","locations":[{"start":{"line":2,"column":1},"end":{"line":4,"column":null}}]},"1":{"loc":{"start":{"line":5,"column":1},"end":{"line":7,"column":null}},"type":"if","locations":[{"start":{"line":5,"column":1},"end":{"line":7,"column":null}}]},"2":{"loc":{"start":{"line":24,"column":1},"end":{"line":24,"column":54}},"type":"if","locations":[{"start":{"line":24,"column":1},"end":{"line":24,"column":54}}]},"3":{"loc":{"start":{"line":25,"column":1},"end":{"line":27,"column":null}},"type":"if","locations":[{"start":{"line":25,"column":1},"end":{"line":27,"column":null}}]},"4":{"loc":{"start":{"line":28,"column":1},"end":{"line":30,"column":null}},"type":"if","locations":[{"start":{"line":28,"column":1},"end":{"line":30,"column":null}}]}},"s":{"0":0,"1":0,"2":0,"3":0,"4":0,"5":1,"6":0,"7":0,"8":0,"9":0,"10":0,"11":0,"12":0,"13":0,"14":1},"f":{"0":0,"1":0,"2":0},"b":{"0":[0],"1":[0],"2":[0],"3":[0],"4":[0]}}
}
