TN:
SF:src\components\date-picker\PickerView.tsx
FN:21,(anonymous_9)
FN:23,(anonymous_10)
FN:33,(anonymous_11)
FN:34,(anonymous_12)
FN:40,(anonymous_13)
FN:42,(anonymous_14)
FN:45,(anonymous_15)
FN:50,(anonymous_16)
FN:62,(anonymous_17)
FNF:9
FNH:6
FNDA:8,(anonymous_9)
FNDA:4,(anonymous_10)
FNDA:14,(anonymous_11)
FNDA:14,(anonymous_12)
FNDA:0,(anonymous_13)
FNDA:0,(anonymous_14)
FNDA:4,(anonymous_15)
FNDA:0,(anonymous_16)
FNDA:28,(anonymous_17)
DA:1,1
DA:3,1
DA:11,1
DA:13,1
DA:21,8
DA:22,8
DA:23,8
DA:24,4
DA:25,4
DA:28,4
DA:32,8
DA:33,8
DA:34,14
DA:35,14
DA:36,14
DA:37,14
DA:40,8
DA:41,0
DA:42,0
DA:45,8
DA:46,4
DA:47,4
DA:50,4
DA:53,8
DA:63,28
DA:80,1
LF:26
LH:24
BRDA:24,0,0,4
BRDA:25,1,0,1
BRDA:25,1,1,3
BRDA:42,2,0,0
BRDA:42,2,1,0
BRDA:42,3,0,0
BRDA:42,3,1,0
BRDA:47,4,0,1
BRDA:47,4,1,3
BRDA:50,5,0,0
BRDA:50,5,1,4
BRDA:50,6,0,4
BRDA:50,6,1,4
BRDA:62,7,0,0
BRDA:62,7,1,8
BRDA:62,8,0,8
BRDA:62,8,1,8
BRF:17
BRH:11
end_of_record
TN:
SF:src\components\date-picker\Wheel.tsx
FN:17,(anonymous_7)
FN:22,(anonymous_8)
FN:26,(anonymous_9)
FN:27,(anonymous_10)
FN:32,(anonymous_11)
FN:34,(anonymous_12)
FN:42,(anonymous_13)
FN:49,(anonymous_14)
FN:57,(anonymous_15)
FN:81,(anonymous_16)
FN:87,(anonymous_17)
FNF:11
FNH:8
FNDA:28,(anonymous_7)
FNDA:14,(anonymous_8)
FNDA:28,(anonymous_9)
FNDA:526,(anonymous_10)
FNDA:28,(anonymous_11)
FNDA:526,(anonymous_12)
FNDA:14,(anonymous_13)
FNDA:0,(anonymous_14)
FNDA:0,(anonymous_15)
FNDA:0,(anonymous_16)
FNDA:712,(anonymous_17)
DA:1,1
DA:2,1
DA:3,1
DA:5,1
DA:6,1
DA:8,1
DA:17,28
DA:19,28
DA:20,28
DA:21,28
DA:22,28
DA:23,14
DA:24,14
DA:26,28
DA:27,526
DA:28,14
DA:32,28
DA:33,28
DA:34,526
DA:35,28
DA:36,14
DA:37,14
DA:42,28
DA:49,28
DA:50,0
DA:51,0
DA:54,0
DA:55,0
DA:57,28
DA:63,0
DA:64,0
DA:65,0
DA:66,0
DA:67,0
DA:68,0
DA:69,0
DA:70,0
DA:72,0
DA:73,0
DA:78,28
DA:81,0
DA:85,28
DA:87,712
DA:92,1
LF:44
LH:29
BRDA:27,0,0,14
BRDA:33,1,0,0
BRDA:35,2,0,14
BRDA:66,3,0,0
BRDA:66,3,1,0
BRF:5
BRH:2
end_of_record
TN:
SF:src\components\date-picker\index.tsx
FN:21,(anonymous_21)
FN:57,useDatePicker
FN:60,(anonymous_23)
FN:65,(anonymous_24)
FN:67,(anonymous_27)
FN:73,(anonymous_28)
FN:74,(anonymous_29)
FN:74,(anonymous_30)
FNF:8
FNH:8
FNDA:12,(anonymous_21)
FNDA:12,useDatePicker
FNDA:4,(anonymous_23)
FNDA:8,(anonymous_24)
FNDA:4,(anonymous_27)
FNDA:12,(anonymous_28)
FNDA:4,(anonymous_29)
FNDA:4,(anonymous_30)
DA:1,1
DA:2,1
DA:3,1
DA:5,1
DA:7,1
DA:18,1
DA:20,1
DA:22,12
DA:23,12
DA:24,12
DA:25,12
DA:26,12
DA:29,12
DA:30,12
DA:49,1
DA:57,12
DA:58,12
DA:59,12
DA:60,12
DA:61,4
DA:62,4
DA:65,12
DA:66,4
DA:67,8
DA:68,4
DA:70,4
DA:73,12
DA:74,12
DA:75,8
DA:76,4
DA:78,12
DA:88,12
DA:91,1
LF:33
LH:33
BRDA:33,0,0,12
BRDA:33,0,1,4
BRDA:66,1,0,0
BRDA:66,1,1,4
BRDA:66,2,0,4
BRDA:66,2,1,4
BRDA:73,3,0,0
BRDA:73,3,1,12
BRDA:73,4,0,6
BRDA:73,4,1,6
BRDA:73,5,0,6
BRDA:73,5,1,6
BRDA:75,6,0,4
BRDA:76,7,0,0
BRDA:76,7,1,4
BRDA:76,8,0,4
BRDA:76,8,1,4
BRF:17
BRH:14
end_of_record
TN:
SF:src\tests\mocks\style-mock.js
FNF:0
FNH:0
DA:1,1
LF:1
LH:1
BRF:0
BRH:0
end_of_record
TN:
SF:src\utils\date-picker-utils.ts
FN:47,defaultRenderLabel
FN:59,(anonymous_2)
FN:65,generateColumns
FN:87,(anonymous_4)
FN:94,generateColumns
FN:126,generateDatePickerColumns
FN:134,convertNumberArrayToDate
FN:151,convertDateToNumberArray
FN:163,convertNumberArrayToWeek
FN:177,convertWeekToNumberArray
FNF:10
FNH:10
FNDA:712,defaultRenderLabel
FNDA:2,(anonymous_2)
FNDA:6,generateColumns
FNDA:6,(anonymous_4)
FNDA:22,generateColumns
FNDA:8,generateDatePickerColumns
FNDA:3,convertNumberArrayToDate
FNDA:3,convertDateToNumberArray
FNDA:1,convertNumberArrayToWeek
FNDA:1,convertWeekToNumberArray
DA:1,1
DA:2,1
DA:3,1
DA:4,1
DA:6,1
DA:7,1
DA:8,1
DA:32,1
DA:41,1
DA:47,1
DA:49,712
DA:53,168
DA:55,544
DA:59,1
DA:60,2
DA:61,2
DA:62,2
DA:63,2
DA:64,2
DA:66,6
DA:67,6
DA:68,160
DA:72,6
DA:77,2
DA:78,2
DA:79,2
DA:81,2
DA:82,2
DA:84,2
DA:87,1
DA:88,6
DA:89,6
DA:90,6
DA:91,6
DA:92,6
DA:93,6
DA:95,22
DA:96,22
DA:97,552
DA:101,22
DA:106,6
DA:107,6
DA:108,6
DA:110,6
DA:111,6
DA:113,6
DA:114,2
DA:116,6
DA:117,2
DA:119,6
DA:120,0
DA:123,6
DA:126,1
DA:127,8
DA:128,2
DA:130,6
DA:134,1
DA:135,3
DA:136,3
DA:137,3
DA:138,3
DA:139,3
DA:140,3
DA:141,3
DA:151,1
DA:152,3
DA:153,3
DA:163,1
DA:164,1
DA:165,1
DA:166,1
DA:167,1
DA:174,1
DA:177,1
DA:178,1
DA:179,1
DA:180,1
LF:77
LH:76
BRDA:49,0,0,48
BRDA:49,0,1,168
BRDA:49,0,2,168
BRDA:49,0,3,544
BRDA:60,1,0,1
BRDA:60,1,1,1
BRDA:60,2,0,2
BRDA:60,2,1,2
BRDA:78,3,0,2
BRDA:81,4,0,2
BRDA:88,5,0,3
BRDA:88,5,1,3
BRDA:88,6,0,6
BRDA:88,6,1,6
BRDA:90,7,0,3
BRDA:90,7,1,3
BRDA:90,8,0,6
BRDA:90,8,1,6
BRDA:107,9,0,6
BRDA:110,10,0,6
BRDA:113,11,0,2
BRDA:116,12,0,2
BRDA:119,13,0,0
BRDA:127,14,0,2
BRDA:127,14,1,6
BRDA:135,15,0,3
BRDA:135,15,1,0
BRDA:135,16,0,3
BRDA:135,16,1,3
BRDA:136,17,0,3
BRDA:136,17,1,0
BRDA:136,18,0,3
BRDA:136,18,1,3
BRDA:137,19,0,3
BRDA:137,19,1,0
BRDA:137,20,0,3
BRDA:137,20,1,3
BRDA:138,21,0,3
BRDA:138,21,1,0
BRDA:138,22,0,3
BRDA:138,22,1,3
BRDA:139,23,0,3
BRDA:139,23,1,0
BRDA:139,24,0,3
BRDA:139,24,1,3
BRDA:140,25,0,3
BRDA:140,25,1,0
BRDA:140,26,0,3
BRDA:140,26,1,3
BRDA:152,27,0,0
BRDA:164,28,0,1
BRDA:164,28,1,0
BRDA:164,29,0,1
BRDA:164,29,1,1
BRDA:165,30,0,1
BRDA:165,30,1,0
BRDA:165,31,0,1
BRDA:165,31,1,1
BRDA:166,32,0,1
BRDA:166,32,1,0
BRDA:166,33,0,1
BRDA:166,33,1,1
BRDA:178,34,0,0
BRF:63
BRH:51
end_of_record
TN:
SF:src\utils\wheel-utils.ts
FN:1,bound
FN:10,rubberband
FN:17,rubberbandIfOutOfBounds
FNF:3
FNH:0
FNDA:0,bound
FNDA:0,rubberband
FNDA:0,rubberbandIfOutOfBounds
DA:2,0
DA:3,0
DA:5,0
DA:6,0
DA:8,0
DA:15,0
DA:24,0
DA:25,0
DA:26,0
DA:28,0
DA:29,0
DA:31,0
DA:34,1
DA:35,1
LF:14
LH:2
BRDA:2,0,0,0
BRDA:5,1,0,0
BRDA:24,2,0,0
BRDA:25,3,0,0
BRDA:28,4,0,0
BRF:5
BRH:0
end_of_record
